<?xml version="1.0" encoding="UTF-8" standalone="yes"?>
<ns2:test-suite xmlns:ns2="urn:model.allure.qatools.yandex.ru" start="1547492809543" stop="1547492886070">
    <name>Default Suite</name>
    <test-cases>
        <test-case start="1547492815887" stop="1547492817401" status="passed">
            <name>TestAboutPage</name>
            <steps/>
            <attachments/>
            <labels/>
        </test-case>
        <test-case start="1547492817516" stop="1547492819105" status="passed">
            <name>TestContactsPage</name>
            <steps/>
            <attachments/>
            <labels/>
        </test-case>
        <test-case start="1547492819108" stop="1547492822018" status="passed">
            <name>TestElectroVelobikePage</name>
            <steps/>
            <attachments/>
            <labels/>
        </test-case>
        <test-case start="1547492822020" stop="1547492833725" status="passed">
            <name>TestFacebookPage</name>
            <steps/>
            <attachments/>
            <labels/>
        </test-case>
        <test-case start="1547492833728" stop="1547492836546" status="failed">
            <name>TestGoToHowToUseRentalPage</name>
            <failure>
                <message>AssertionError: неверный заголовок страницы expected [Как пользоваться прокато] but found [Как пользоваться прокатом]</message>
                <stack-trace>java.lang.AssertionError: неверный заголовок страницы expected [Как пользоваться прокато] but found [Как пользоваться прокатом]
	at org.testng.Assert.fail(Assert.java:96)
	at org.testng.Assert.failNotEquals(Assert.java:776)
	at org.testng.Assert.assertEqualsImpl(Assert.java:137)
	at org.testng.Assert.assertEquals(Assert.java:118)
	at org.testng.Assert.assertEquals(Assert.java:453)
	at ru.usetech.pft.velobike.Tests.SideMenuTests.SideMenuNavigationTests.TestGoToHowToUseRentalPage(SideMenuNavigationTests.java:24)
	at sun.reflect.NativeMethodAccessorImpl.invoke0(Native Method)
	at sun.reflect.NativeMethodAccessorImpl.invoke(NativeMethodAccessorImpl.java:62)
	at sun.reflect.DelegatingMethodAccessorImpl.invoke(DelegatingMethodAccessorImpl.java:43)
	at java.lang.reflect.Method.invoke(Method.java:498)
	at org.testng.internal.MethodInvocationHelper.invokeMethod(MethodInvocationHelper.java:124)
	at org.testng.internal.Invoker.invokeMethod(Invoker.java:580)
	at org.testng.internal.Invoker.invokeTestMethod(Invoker.java:716)
	at org.testng.internal.Invoker.invokeTestMethods(Invoker.java:988)
	at org.testng.internal.TestMethodWorker.invokeTestMethods(TestMethodWorker.java:125)
	at org.testng.internal.TestMethodWorker.run(TestMethodWorker.java:109)
	at org.testng.TestRunner.privateRun(TestRunner.java:648)
	at org.testng.TestRunner.run(TestRunner.java:505)
	at org.testng.SuiteRunner.runTest(SuiteRunner.java:455)
	at org.testng.SuiteRunner.runSequentially(SuiteRunner.java:450)
	at org.testng.SuiteRunner.privateRun(SuiteRunner.java:415)
	at org.testng.SuiteRunner.run(SuiteRunner.java:364)
	at org.testng.SuiteRunnerWorker.runSuite(SuiteRunnerWorker.java:52)
	at org.testng.SuiteRunnerWorker.run(SuiteRunnerWorker.java:84)
	at org.testng.TestNG.runSuitesSequentially(TestNG.java:1208)
	at org.testng.TestNG.runSuitesLocally(TestNG.java:1137)
	at org.testng.TestNG.runSuites(TestNG.java:1049)
	at org.testng.TestNG.run(TestNG.java:1017)
	at org.testng.IDEARemoteTestNG.run(IDEARemoteTestNG.java:72)
	at org.testng.RemoteTestNGStarter.main(RemoteTestNGStarter.java:123)
</stack-trace>
            </failure>
            <steps/>
            <attachments/>
            <labels/>
        </test-case>
        <test-case start="1547492836547" stop="1547492839028" status="passed">
            <name>TestGoToPricePage</name>
            <steps/>
            <attachments/>
            <labels/>
        </test-case>
        <test-case start="1547492839030" stop="1547492844380" status="passed">
            <name>TestInstagramPage</name>
            <steps/>
            <attachments/>
            <labels/>
        </test-case>
        <test-case start="1547492844382" stop="1547492846055" status="passed">
            <name>TestNewsPage</name>
            <steps/>
            <attachments/>
            <labels/>
        </test-case>
        <test-case start="1547492846057" stop="1547492847844" status="passed">
            <name>TestQaPage</name>
            <steps/>
            <attachments/>
            <labels/>
        </test-case>
        <test-case start="1547492847846" stop="1547492850911" status="passed">
            <name>TestStationsMapPage</name>
            <steps/>
            <attachments/>
            <labels/>
        </test-case>
        <test-case start="1547492850913" stop="1547492876708" status="passed">
            <name>TestTelegramPage</name>
            <steps/>
            <attachments/>
            <labels/>
        </test-case>
        <test-case start="1547492876711" stop="1547492886054" status="passed">
            <name>TestVKontactePage</name>
            <steps/>
            <attachments/>
            <labels/>
        </test-case>
    </test-cases>
    <labels/>
</ns2:test-suite>
