{
  "uid" : "732000c2779d59bd",
  "name" : "TestGoToPricePage",
  "title" : "Test go to price page",
  "time" : {
    "start" : 1547636310209,
    "stop" : 1547636310209,
    "duration" : 0
  },
  "summary" : {
    "attachments" : 0,
    "steps" : 0
  },
  "failure" : {
    "message" : "TimeoutException: Expected condition failed: waiting for visibility of [[ChromeDriver: chrome on XP (e9a0ec8ccb8ebd139943b4f3d762353a)] -> id: id_login] (tried for 20 second(s) with 500 MILLISECONDS interval)\nBuild info: version: '3.9.1', revision: '63f7b50', time: '2018-02-07T22:25:02.294Z'\nSystem info: host: 'DESKTOP-F9751PS', ip: '192.168.56.1', os.name: 'Windows 10', os.arch: 'amd64', os.version: '10.0', java.version: '1.8.0_161'\nDriver info: org.openqa.selenium.chrome.ChromeDriver\nCapabilities {acceptInsecureCerts: false, acceptSslCerts: false, applicationCacheEnabled: false, browserConnectionEnabled: false, browserName: chrome, chrome: {chromedriverVersion: 2.35.528161 (5b82f2d2aae0ca..., userDataDir: C:\\Users\\Pasha\\AppData\\Loca...}, cssSelectorsEnabled: true, databaseEnabled: false, handlesAlerts: true, hasTouchScreen: false, javascriptEnabled: true, locationContextEnabled: true, mobileEmulationEnabled: false, nativeEvents: true, networkConnectionEnabled: false, pageLoadStrategy: normal, platform: XP, platformName: XP, rotatable: false, setWindowRect: true, takesHeapSnapshot: true, takesScreenshot: true, unexpectedAlertBehaviour: , unhandledPromptBehavior: , version: 70.0.3538.110, webStorageEnabled: true}\nSession ID: e9a0ec8ccb8ebd139943b4f3d762353a",
    "stackTrace" : "org.openqa.selenium.TimeoutException: Expected condition failed: waiting for visibility of [[ChromeDriver: chrome on XP (e9a0ec8ccb8ebd139943b4f3d762353a)] -> id: id_login] (tried for 20 second(s) with 500 MILLISECONDS interval)\nBuild info: version: '3.9.1', revision: '63f7b50', time: '2018-02-07T22:25:02.294Z'\nSystem info: host: 'DESKTOP-F9751PS', ip: '192.168.56.1', os.name: 'Windows 10', os.arch: 'amd64', os.version: '10.0', java.version: '1.8.0_161'\nDriver info: org.openqa.selenium.chrome.ChromeDriver\nCapabilities {acceptInsecureCerts: false, acceptSslCerts: false, applicationCacheEnabled: false, browserConnectionEnabled: false, browserName: chrome, chrome: {chromedriverVersion: 2.35.528161 (5b82f2d2aae0ca..., userDataDir: C:\\Users\\Pasha\\AppData\\Loca...}, cssSelectorsEnabled: true, databaseEnabled: false, handlesAlerts: true, hasTouchScreen: false, javascriptEnabled: true, locationContextEnabled: true, mobileEmulationEnabled: false, nativeEvents: true, networkConnectionEnabled: false, pageLoadStrategy: normal, platform: XP, platformName: XP, rotatable: false, setWindowRect: true, takesHeapSnapshot: true, takesScreenshot: true, unexpectedAlertBehaviour: , unhandledPromptBehavior: , version: 70.0.3538.110, webStorageEnabled: true}\nSession ID: e9a0ec8ccb8ebd139943b4f3d762353a\n\tat org.openqa.selenium.support.ui.WebDriverWait.timeoutException(WebDriverWait.java:82)\n\tat org.openqa.selenium.support.ui.FluentWait.until(FluentWait.java:231)\n\tat ru.usetech.pft.velobike.appManager.SessionHelper.loginInSideMenu(SessionHelper.java:46)\n\tat ru.usetech.pft.velobike.Tests.SideMenuTests.SideMenuNavigationTests.ensurePreconditions(SideMenuNavigationTests.java:17)\n\tat sun.reflect.NativeMethodAccessorImpl.invoke0(Native Method)\n\tat sun.reflect.NativeMethodAccessorImpl.invoke(NativeMethodAccessorImpl.java:62)\n\tat sun.reflect.DelegatingMethodAccessorImpl.invoke(DelegatingMethodAccessorImpl.java:43)\n\tat java.lang.reflect.Method.invoke(Method.java:498)\n\tat org.testng.internal.MethodInvocationHelper.invokeMethod(MethodInvocationHelper.java:124)\n\tat org.testng.internal.MethodInvocationHelper.invokeMethodConsideringTimeout(MethodInvocationHelper.java:59)\n\tat org.testng.internal.Invoker.invokeConfigurationMethod(Invoker.java:455)\n\tat org.testng.internal.Invoker.invokeConfigurations(Invoker.java:222)\n\tat org.testng.internal.Invoker.invokeConfigurations(Invoker.java:142)\n\tat org.testng.internal.TestMethodWorker.invokeBeforeClassMethods(TestMethodWorker.java:168)\n\tat org.testng.internal.TestMethodWorker.run(TestMethodWorker.java:105)\n\tat org.testng.TestRunner.privateRun(TestRunner.java:648)\n\tat org.testng.TestRunner.run(TestRunner.java:505)\n\tat org.testng.SuiteRunner.runTest(SuiteRunner.java:455)\n\tat org.testng.SuiteRunner.runSequentially(SuiteRunner.java:450)\n\tat org.testng.SuiteRunner.privateRun(SuiteRunner.java:415)\n\tat org.testng.SuiteRunner.run(SuiteRunner.java:364)\n\tat org.testng.SuiteRunnerWorker.runSuite(SuiteRunnerWorker.java:52)\n\tat org.testng.SuiteRunnerWorker.run(SuiteRunnerWorker.java:84)\n\tat org.testng.TestNG.runSuitesSequentially(TestNG.java:1208)\n\tat org.testng.TestNG.runSuitesLocally(TestNG.java:1137)\n\tat org.testng.TestNG.runSuites(TestNG.java:1049)\n\tat org.testng.TestNG.run(TestNG.java:1017)\n\tat org.testng.IDEARemoteTestNG.run(IDEARemoteTestNG.java:72)\n\tat org.testng.RemoteTestNGStarter.main(RemoteTestNGStarter.java:123)\n"
  },
  "description" : null,
  "severity" : "NORMAL",
  "status" : "CANCELED",
  "testId" : null,
  "suite" : {
    "uid" : "e32f1aacdbcf2da9",
    "name" : "Default Suite",
    "title" : "Default suite"
  },
  "steps" : [ ],
  "attachments" : [ ],
  "issues" : [ ],
  "labels" : [ {
    "name" : "suite-name",
    "value" : "Default Suite"
  }, {
    "name" : "suite-title",
    "value" : null
  } ],
  "parameters" : [ ]
}