{
  "uid" : "ffed250e42fd4226",
  "name" : "TestGoToPricePage",
  "title" : "Test go to price page",
  "time" : {
    "start" : 1547645932553,
    "stop" : 1547645934817,
    "duration" : 2264
  },
  "summary" : {
    "attachments" : 0,
    "steps" : 0
  },
  "failure" : {
    "message" : "AssertionError: неверный заголовок страницы expected [Сколько это стои] but found [Сколько это стоит]",
    "stackTrace" : "java.lang.AssertionError: неверный заголовок страницы expected [Сколько это стои] but found [Сколько это стоит]\n\tat org.testng.Assert.fail(Assert.java:96)\n\tat org.testng.Assert.failNotEquals(Assert.java:776)\n\tat org.testng.Assert.assertEqualsImpl(Assert.java:137)\n\tat org.testng.Assert.assertEquals(Assert.java:118)\n\tat org.testng.Assert.assertEquals(Assert.java:453)\n\tat ru.usetech.pft.velobike.Tests.SideMenuTests.SideMenuNavigationTests.TestGoToPricePage(SideMenuNavigationTests.java:39)\n\tat sun.reflect.NativeMethodAccessorImpl.invoke0(Native Method)\n\tat sun.reflect.NativeMethodAccessorImpl.invoke(NativeMethodAccessorImpl.java:62)\n\tat sun.reflect.DelegatingMethodAccessorImpl.invoke(DelegatingMethodAccessorImpl.java:43)\n\tat java.lang.reflect.Method.invoke(Method.java:498)\n\tat org.testng.internal.MethodInvocationHelper.invokeMethod(MethodInvocationHelper.java:124)\n\tat org.testng.internal.Invoker.invokeMethod(Invoker.java:580)\n\tat org.testng.internal.Invoker.invokeTestMethod(Invoker.java:716)\n\tat org.testng.internal.Invoker.invokeTestMethods(Invoker.java:988)\n\tat org.testng.internal.TestMethodWorker.invokeTestMethods(TestMethodWorker.java:125)\n\tat org.testng.internal.TestMethodWorker.run(TestMethodWorker.java:109)\n\tat org.testng.TestRunner.privateRun(TestRunner.java:648)\n\tat org.testng.TestRunner.run(TestRunner.java:505)\n\tat org.testng.SuiteRunner.runTest(SuiteRunner.java:455)\n\tat org.testng.SuiteRunner.runSequentially(SuiteRunner.java:450)\n\tat org.testng.SuiteRunner.privateRun(SuiteRunner.java:415)\n\tat org.testng.SuiteRunner.run(SuiteRunner.java:364)\n\tat org.testng.SuiteRunnerWorker.runSuite(SuiteRunnerWorker.java:52)\n\tat org.testng.SuiteRunnerWorker.run(SuiteRunnerWorker.java:84)\n\tat org.testng.TestNG.runSuitesSequentially(TestNG.java:1208)\n\tat org.testng.TestNG.runSuitesLocally(TestNG.java:1137)\n\tat org.testng.TestNG.runSuites(TestNG.java:1049)\n\tat org.testng.TestNG.run(TestNG.java:1017)\n\tat org.testng.IDEARemoteTestNG.run(IDEARemoteTestNG.java:72)\n\tat org.testng.RemoteTestNGStarter.main(RemoteTestNGStarter.java:123)\n"
  },
  "description" : null,
  "severity" : "NORMAL",
  "status" : "FAILED",
  "testId" : null,
  "suite" : {
    "uid" : "78a425010a1b4540",
    "name" : "Default Suite",
    "title" : "Default suite"
  },
  "steps" : [ ],
  "attachments" : [ ],
  "issues" : [ ],
  "labels" : [ {
    "name" : "suite-name",
    "value" : "Default Suite"
  }, {
    "name" : "suite-title",
    "value" : null
  } ],
  "parameters" : [ ]
}