{
  "hash" : "9ae4a52f46fbba0c959575303f697deb73e72d63",
  "data" : [ {
    "statistic" : {
      "total" : 14,
      "passed" : 1,
      "pending" : 0,
      "canceled" : 8,
      "failed" : 1,
      "broken" : 4
    },
    "time" : {
      "start" : 1547757358931,
      "stop" : 1547757427186,
      "duration" : 68255
    },
    "name" : "total",
    "type" : "TOTAL"
  }, {
    "name" : "defects",
    "type" : "DEFECTS",
    "data" : [ {
      "count" : 1,
      "message" : "AssertionError: РЅРµРІРµСЂРЅС‹Р№ Р·Р°РіРѕР»РѕРІРѕРє СЃС‚СЂР°РЅРёС†С‹ expected [Р’РµР»РѕРїСЂРѕРєР°С‚\nР‘СѓРґСѓС‰РµРіРѕ] but found [Велопрокат\nБудущего]",
      "status" : "FAILED"
    }, {
      "count" : 2,
      "message" : "NoSuchElementException: no such element: Unable to locate element: {\"method\":\"xpath\",\"selector\":\"//a[contains(text(),'Р’РѕР№С‚Рё')]\"}\n  (Session info: chrome=70.0.3538.110)\n  (Driver info: chromedriver=2.35.528161 (5b82f2d2aae0ca24b877009200ced9065a772e73),platform=Windows NT 10.0.14393 x86_64) (WARNING: The server did not provide any stacktrace information)\nCommand duration or timeout: 0 milliseconds\nFor documentation on this error, please visit: http://seleniumhq.org/exceptions/no_such_element.html\nBuild info: version: '3.9.1', revision: '63f7b50', time: '2018-02-07T22:25:02.294Z'\nSystem info: host: 'DESKTOP-F9751PS', ip: '192.168.56.1', os.name: 'Windows 10', os.arch: 'amd64', os.version: '10.0', java.version: '1.8.0_161'\nDriver info: org.openqa.selenium.chrome.ChromeDriver\nCapabilities {acceptInsecureCerts: false, acceptSslCerts: false, applicationCacheEnabled: false, browserConnectionEnabled: false, browserName: chrome, chrome: {chromedriverVersion: 2.35.528161 (5b82f2d2aae0ca..., userDataDir: C:\\Users\\Pasha\\AppData\\Loca...}, cssSelectorsEnabled: true, databaseEnabled: false, handlesAlerts: true, hasTouchScreen: false, javascriptEnabled: true, locationContextEnabled: true, mobileEmulationEnabled: false, nativeEvents: true, networkConnectionEnabled: false, pageLoadStrategy: normal, platform: XP, platformName: XP, rotatable: false, setWindowRect: true, takesHeapSnapshot: true, takesScreenshot: true, unexpectedAlertBehaviour: , unhandledPromptBehavior: , version: 70.0.3538.110, webStorageEnabled: true}\nSession ID: 6aced596e7be8aca26f04ce73d7bbeae\n*** Element info: {Using=xpath, value=//a[contains(text(),'Р’РѕР№С‚Рё')]}",
      "status" : "BROKEN"
    }, {
      "count" : 1,
      "message" : "TimeoutException: Expected condition failed: waiting for element to be clickable: By.cssSelector: a[href='/prices/'] (tried for 20 second(s) with 500 MILLISECONDS interval)",
      "status" : "BROKEN"
    }, {
      "count" : 1,
      "message" : "WebDriverException: unknown error: Element <a href=\"#\" class=\"side-opener\"></a> is not clickable at point (1697, 37). Other element would receive the click: <a href=\"#popup\" class=\"reg-link fancybox h_float-left\">...</a>\n  (Session info: chrome=70.0.3538.110)\n  (Driver info: chromedriver=2.35.528161 (5b82f2d2aae0ca24b877009200ced9065a772e73),platform=Windows NT 10.0.14393 x86_64) (WARNING: The server did not provide any stacktrace information)\nCommand duration or timeout: 0 milliseconds\nBuild info: version: '3.9.1', revision: '63f7b50', time: '2018-02-07T22:25:02.294Z'\nSystem info: host: 'DESKTOP-F9751PS', ip: '192.168.56.1', os.name: 'Windows 10', os.arch: 'amd64', os.version: '10.0', java.version: '1.8.0_161'\nDriver info: org.openqa.selenium.chrome.ChromeDriver\nCapabilities {acceptInsecureCerts: false, acceptSslCerts: false, applicationCacheEnabled: false, browserConnectionEnabled: false, browserName: chrome, chrome: {chromedriverVersion: 2.35.528161 (5b82f2d2aae0ca..., userDataDir: C:\\Users\\Pasha\\AppData\\Loca...}, cssSelectorsEnabled: true, databaseEnabled: false, handlesAlerts: true, hasTouchScreen: false, javascriptEnabled: true, locationContextEnabled: true, mobileEmulationEnabled: false, nativeEvents: true, networkConnectionEnabled: false, pageLoadStrategy: normal, platform: XP, platformName: XP, rotatable: false, setWindowRect: true, takesHeapSnapshot: true, takesScreenshot: true, unexpectedAlertBehaviour: , unhandledPromptBehavior: , version: 70.0.3538.110, webStorageEnabled: true}\nSession ID: 6aced596e7be8aca26f04ce73d7bbeae",
      "status" : "BROKEN"
    } ]
  }, {
    "name" : "xunit",
    "type" : "TITLE_STATISTICS",
    "data" : [ {
      "title" : "Gradle suite",
      "statistic" : {
        "total" : 14,
        "passed" : 1,
        "pending" : 0,
        "canceled" : 8,
        "failed" : 1,
        "broken" : 4
      }
    } ]
  }, {
    "name" : "behaviors",
    "type" : "TITLE_STATISTICS",
    "data" : [ {
      "title" : "Without feature",
      "statistic" : {
        "total" : 14,
        "passed" : 1,
        "pending" : 0,
        "canceled" : 8,
        "failed" : 1,
        "broken" : 4
      }
    } ]
  }, {
    "name" : "environment",
    "type" : "KEY_VALUE",
    "data" : [ ]
  } ]
}